{"level":"info","ts":"2022-03-29T10:57:10.283+0800","caller":"zap/server_interceptors.go:39","msg":"finished unary call with code OK","grpc.start_time":"2022-03-29T10:57:10+08:00","system":"grpc","span.kind":"server","grpc.service":"proto.Simple","grpc.method":"Route","grpc.code":"OK","grpc.time_ms":0.01899999938905239}
{"level":"info","ts":"2022-03-29T10:57:10.285+0800","caller":"grpclog/logger.go:65","msg":"[transport]transport: http2Server.HandleStreams failed to read frame: read tcp 127.0.0.1:8000->127.0.0.1:49380: wsarecv: An existing connection was forcibly closed by the remote host.","system":"grpc","grpc_log":true}
{"level":"info","ts":"2022-03-29T10:57:10.285+0800","caller":"grpclog/logger.go:53","msg":"[transport]transport: loopyWriter.run returning. connection error: desc = \"transport is closing\"","system":"grpc","grpc_log":true}
{"level":"info","ts":"2022-03-29T10:57:10.285+0800","caller":"grpclog/logger.go:53","msg":"[transport]transport: error closing conn during Close: tls: failed to send closeNotify alert (but connection was closed anyway): write tcp 127.0.0.1:8000->127.0.0.1:49380: wsasend: An existing connection was forcibly closed by the remote host.","system":"grpc","grpc_log":true}
{"level":"info","ts":"2022-03-29T11:01:23.486+0800","caller":"grpclog/logger.go:65","msg":"[core]grpc: Server.Serve failed to create ServerTransport: connection error: desc = \"transport: http2Server.HandleStreams received bogus greeting from client: \\\"\\\\x16\\\\x03\\\\x01\\\\x01\\\\x12\\\\x01\\\\x00\\\\x01\\\\x0e\\\\x03\\\\x039O\\\\xe0Uwp@\\\\xaf\\\\xad\\\\xf0\\\\xcc(\\\\xff\\\"\"","system":"grpc","grpc_log":true}
{"level":"info","ts":"2022-04-08T15:40:49.834+0800","caller":"grpclog/logger.go:65","msg":"[core]grpc: Server.Serve failed to create ServerTransport: connection error: desc = \"transport: http2Server.HandleStreams received bogus greeting from client: \\\"\\\\x16\\\\x03\\\\x01\\\\x01\\\\x12\\\\x01\\\\x00\\\\x01\\\\x0e\\\\x03\\\\x03|a\\\\x0f\\\\x9f\\\\xb9\\\\xff'\\\\xcb\\\\xcd\\\\xc1\\\\xabu\\\\xfc\\\"\"","system":"grpc","grpc_log":true}
{"level":"info","ts":"2022-04-08T15:41:37.271+0800","caller":"grpclog/logger.go:65","msg":"[core]grpc: Server.Serve failed to create ServerTransport: connection error: desc = \"transport: http2Server.HandleStreams received bogus greeting from client: \\\"\\\\x16\\\\x03\\\\x01\\\\x01\\\\x12\\\\x01\\\\x00\\\\x01\\\\x0e\\\\x03\\\\x03\\\\xb3\\\\x8a\\\\xb5G\\\\xc2\\\\xc9t$\\\\xeb\\\\xad\\\\xf5\\\\xdb\\\\xdd\\\"\"","system":"grpc","grpc_log":true}
{"level":"info","ts":"2022-04-08T15:57:21.252+0800","caller":"zap/server_interceptors.go:39","msg":"finished unary call with code OK","grpc.start_time":"2022-04-08T15:57:21+08:00","system":"grpc","span.kind":"server","grpc.service":"proto.Simple","grpc.method":"Route","grpc.code":"OK","grpc.time_ms":0}
{"level":"info","ts":"2022-04-08T15:57:21.253+0800","caller":"grpclog/logger.go:65","msg":"[transport]transport: http2Server.HandleStreams failed to read frame: read tcp 127.0.0.1:8000->127.0.0.1:57630: wsarecv: An existing connection was forcibly closed by the remote host.","system":"grpc","grpc_log":true}
{"level":"info","ts":"2022-04-08T15:57:21.253+0800","caller":"grpclog/logger.go:53","msg":"[transport]transport: loopyWriter.run returning. connection error: desc = \"transport is closing\"","system":"grpc","grpc_log":true}
{"level":"info","ts":"2022-04-08T16:17:08.059+0800","caller":"grpclog/logger.go:65","msg":"[core]grpc: Server.Serve failed to create ServerTransport: connection error: desc = \"transport: http2Server.HandleStreams received bogus greeting from client: \\\"\\\\x16\\\\x03\\\\x01\\\\x01\\\\x12\\\\x01\\\\x00\\\\x01\\\\x0e\\\\x03\\\\x03\\\\xb0\\\\x82찐\\\\xdc\\\\xe4;g\\\\x80\\\\xb4˞\\\"\"","system":"grpc","grpc_log":true}
{"level":"info","ts":"2022-04-08T16:26:21.043+0800","caller":"zap/server_interceptors.go:39","msg":"finished unary call with code OK","grpc.start_time":"2022-04-08T16:26:21+08:00","system":"grpc","span.kind":"server","grpc.service":"proto.Simple","grpc.method":"Route","grpc.code":"OK","grpc.time_ms":0}
{"level":"info","ts":"2022-04-08T16:26:21.046+0800","caller":"grpclog/logger.go:65","msg":"[transport]transport: http2Server.HandleStreams failed to read frame: read tcp 127.0.0.1:8000->127.0.0.1:62642: wsarecv: An existing connection was forcibly closed by the remote host.","system":"grpc","grpc_log":true}
{"level":"info","ts":"2022-04-08T16:26:21.046+0800","caller":"grpclog/logger.go:53","msg":"[transport]transport: loopyWriter.run returning. connection error: desc = \"transport is closing\"","system":"grpc","grpc_log":true}
{"level":"info","ts":"2022-04-08T16:26:21.046+0800","caller":"grpclog/logger.go:53","msg":"[transport]transport: error closing conn during Close: tls: failed to send closeNotify alert (but connection was closed anyway): write tcp 127.0.0.1:8000->127.0.0.1:62642: wsasend: An existing connection was forcibly closed by the remote host.","system":"grpc","grpc_log":true}
{"level":"error","ts":"2022-04-08T16:28:19.974+0800","caller":"zap/server_interceptors.go:39","msg":"finished unary call with code Unknown","grpc.start_time":"2022-04-08T16:28:19+08:00","system":"grpc","span.kind":"server","grpc.service":"proto.Simple","grpc.method":"Route","error":"rpc error: code = Unknown desc = panic triggered: very bad thing happened","grpc.code":"Unknown","grpc.time_ms":0}
{"level":"info","ts":"2022-04-08T16:28:19.976+0800","caller":"grpclog/logger.go:65","msg":"[transport]transport: http2Server.HandleStreams failed to read frame: read tcp 127.0.0.1:8000->127.0.0.1:62872: wsarecv: An existing connection was forcibly closed by the remote host.","system":"grpc","grpc_log":true}
{"level":"info","ts":"2022-04-08T16:28:19.976+0800","caller":"grpclog/logger.go:53","msg":"[transport]transport: error closing conn during Close: tls: failed to send closeNotify alert (but connection was closed anyway): write tcp 127.0.0.1:8000->127.0.0.1:62872: wsasend: An existing connection was forcibly closed by the remote host.","system":"grpc","grpc_log":true}
{"level":"info","ts":"2022-04-08T16:28:19.976+0800","caller":"grpclog/logger.go:53","msg":"[transport]transport: loopyWriter.run returning. connection error: desc = \"transport is closing\"","system":"grpc","grpc_log":true}
{"level":"info","ts":"2022-04-28T22:39:02.198+0800","caller":"grpclog/logger.go:53","msg":"[core][Server #1] Server created","system":"grpc","grpc_log":true}
{"level":"info","ts":"2022-04-28T22:39:02.273+0800","caller":"grpclog/logger.go:53","msg":"[core][Server #1 ListenSocket #2] ListenSocket created","system":"grpc","grpc_log":true}
{"level":"info","ts":"2022-04-28T22:39:13.042+0800","caller":"grpclog/logger.go:53","msg":"[core]CPU time info is unavailable on non-linux environments.","system":"grpc","grpc_log":true}
{"level":"info","ts":"2022-04-28T22:39:13.043+0800","caller":"grpclog/logger.go:65","msg":"[core][Server #1] grpc: Server.Serve failed to create ServerTransport: connection error: desc = \"transport: http2Server.HandleStreams received bogus greeting from client: \\\"\\\\x16\\\\x03\\\\x01\\\\x01\\\\x12\\\\x01\\\\x00\\\\x01\\\\x0e\\\\x03\\\\x03(\\\\xe3\\\\x10\\\\x11\\\\xdf\\\\x10\\\\xdc\\\\xc8\\\\x10S\\\\x1c\\\\x1f\\\\x9d\\\"\"","system":"grpc","grpc_log":true}
{"level":"info","ts":"2022-04-28T22:42:59.769+0800","caller":"grpclog/logger.go:53","msg":"[core][Server #1] Server created","system":"grpc","grpc_log":true}
{"level":"info","ts":"2022-04-28T22:42:59.780+0800","caller":"grpclog/logger.go:53","msg":"[core][Channel #2] Channel created","system":"grpc","grpc_log":true}
{"level":"info","ts":"2022-04-28T22:42:59.780+0800","caller":"grpclog/logger.go:53","msg":"[core][Channel #2] original dial target is: \":8000\"","system":"grpc","grpc_log":true}
{"level":"info","ts":"2022-04-28T22:42:59.780+0800","caller":"grpclog/logger.go:53","msg":"[core][Channel #2] dial target \":8000\" parse failed: parse \":8000\": missing protocol scheme","system":"grpc","grpc_log":true}
{"level":"info","ts":"2022-04-28T22:42:59.780+0800","caller":"grpclog/logger.go:53","msg":"[core][Channel #2] fallback to scheme \"passthrough\"","system":"grpc","grpc_log":true}
{"level":"info","ts":"2022-04-28T22:42:59.780+0800","caller":"grpclog/logger.go:53","msg":"[core][Channel #2] parsed dial target is: {Scheme:passthrough Authority: Endpoint::8000 URL:{Scheme:passthrough Opaque: User: Host: Path:/:8000 RawPath: ForceQuery:false RawQuery: Fragment: RawFragment:}}","system":"grpc","grpc_log":true}
{"level":"info","ts":"2022-04-28T22:42:59.780+0800","caller":"grpclog/logger.go:53","msg":"[core][Channel #2] Channel authority set to \"localhost:8000\"","system":"grpc","grpc_log":true}
{"level":"info","ts":"2022-04-28T22:42:59.781+0800","caller":"grpclog/logger.go:53","msg":"[core][Channel #2] Resolver state updated: {\n  \"Addresses\": [\n    {\n      \"Addr\": \":8000\",\n      \"ServerName\": \"\",\n      \"Attributes\": null,\n      \"BalancerAttributes\": null,\n      \"Type\": 0,\n      \"Metadata\": null\n    }\n  ],\n  \"ServiceConfig\": null,\n  \"Attributes\": null\n} (resolver returned new addresses)","system":"grpc","grpc_log":true}
{"level":"info","ts":"2022-04-28T22:42:59.781+0800","caller":"grpclog/logger.go:53","msg":"[core][Channel #2] Channel switches to new LB policy \"pick_first\"","system":"grpc","grpc_log":true}
{"level":"info","ts":"2022-04-28T22:42:59.781+0800","caller":"grpclog/logger.go:53","msg":"[core][Channel #2 SubChannel #3] Subchannel created","system":"grpc","grpc_log":true}
{"level":"info","ts":"2022-04-28T22:42:59.781+0800","caller":"grpclog/logger.go:53","msg":"[core][Channel #2 SubChannel #3] Subchannel Connectivity change to CONNECTING","system":"grpc","grpc_log":true}
{"level":"info","ts":"2022-04-28T22:42:59.781+0800","caller":"grpclog/logger.go:53","msg":"[core][Channel #2 SubChannel #3] Subchannel picks a new address \":8000\" to connect","system":"grpc","grpc_log":true}
{"level":"info","ts":"2022-04-28T22:42:59.781+0800","caller":"grpclog/logger.go:53","msg":"[core]pickfirstBalancer: UpdateSubConnState: 0xc0001e2870, {CONNECTING <nil>}","system":"grpc","grpc_log":true}
{"level":"info","ts":"2022-04-28T22:42:59.781+0800","caller":"grpclog/logger.go:53","msg":"[core][Channel #2] Channel Connectivity change to CONNECTING","system":"grpc","grpc_log":true}
{"level":"info","ts":"2022-04-28T22:42:59.783+0800","caller":"grpclog/logger.go:53","msg":"[core][Channel #2 SubChannel #3] Subchannel Connectivity change to READY","system":"grpc","grpc_log":true}
{"level":"info","ts":"2022-04-28T22:42:59.783+0800","caller":"grpclog/logger.go:53","msg":"[core]pickfirstBalancer: UpdateSubConnState: 0xc0001e2870, {READY <nil>}","system":"grpc","grpc_log":true}
{"level":"info","ts":"2022-04-28T22:42:59.783+0800","caller":"grpclog/logger.go:53","msg":"[core][Channel #2] Channel Connectivity change to READY","system":"grpc","grpc_log":true}
{"level":"info","ts":"2022-04-28T22:47:49.761+0800","caller":"grpclog/logger.go:53","msg":"[core][Server #1] Server created","system":"grpc","grpc_log":true}
{"level":"info","ts":"2022-04-28T22:47:49.772+0800","caller":"grpclog/logger.go:53","msg":"[core][Channel #2] Channel created","system":"grpc","grpc_log":true}
{"level":"info","ts":"2022-04-28T22:47:49.772+0800","caller":"grpclog/logger.go:53","msg":"[core][Channel #2] original dial target is: \":8000\"","system":"grpc","grpc_log":true}
{"level":"info","ts":"2022-04-28T22:47:49.772+0800","caller":"grpclog/logger.go:53","msg":"[core][Channel #2] dial target \":8000\" parse failed: parse \":8000\": missing protocol scheme","system":"grpc","grpc_log":true}
{"level":"info","ts":"2022-04-28T22:47:49.772+0800","caller":"grpclog/logger.go:53","msg":"[core][Channel #2] fallback to scheme \"passthrough\"","system":"grpc","grpc_log":true}
{"level":"info","ts":"2022-04-28T22:47:49.772+0800","caller":"grpclog/logger.go:53","msg":"[core][Channel #2] parsed dial target is: {Scheme:passthrough Authority: Endpoint::8000 URL:{Scheme:passthrough Opaque: User: Host: Path:/:8000 RawPath: ForceQuery:false RawQuery: Fragment: RawFragment:}}","system":"grpc","grpc_log":true}
{"level":"info","ts":"2022-04-28T22:47:49.772+0800","caller":"grpclog/logger.go:53","msg":"[core][Channel #2] Channel authority set to \"localhost:8000\"","system":"grpc","grpc_log":true}
{"level":"info","ts":"2022-04-28T22:47:49.772+0800","caller":"grpclog/logger.go:53","msg":"[core][Channel #2] Resolver state updated: {\n  \"Addresses\": [\n    {\n      \"Addr\": \":8000\",\n      \"ServerName\": \"\",\n      \"Attributes\": null,\n      \"BalancerAttributes\": null,\n      \"Type\": 0,\n      \"Metadata\": null\n    }\n  ],\n  \"ServiceConfig\": null,\n  \"Attributes\": null\n} (resolver returned new addresses)","system":"grpc","grpc_log":true}
{"level":"info","ts":"2022-04-28T22:47:49.772+0800","caller":"grpclog/logger.go:53","msg":"[core][Channel #2] Channel switches to new LB policy \"pick_first\"","system":"grpc","grpc_log":true}
{"level":"info","ts":"2022-04-28T22:47:49.773+0800","caller":"grpclog/logger.go:53","msg":"[core][Channel #2 SubChannel #3] Subchannel created","system":"grpc","grpc_log":true}
{"level":"info","ts":"2022-04-28T22:47:49.773+0800","caller":"grpclog/logger.go:53","msg":"[core][Channel #2 SubChannel #3] Subchannel Connectivity change to CONNECTING","system":"grpc","grpc_log":true}
{"level":"info","ts":"2022-04-28T22:47:49.773+0800","caller":"grpclog/logger.go:53","msg":"[core][Channel #2 SubChannel #3] Subchannel picks a new address \":8000\" to connect","system":"grpc","grpc_log":true}
{"level":"info","ts":"2022-04-28T22:47:49.773+0800","caller":"grpclog/logger.go:53","msg":"[core]pickfirstBalancer: UpdateSubConnState: 0xc0000888f0, {CONNECTING <nil>}","system":"grpc","grpc_log":true}
{"level":"info","ts":"2022-04-28T22:47:49.773+0800","caller":"grpclog/logger.go:53","msg":"[core][Channel #2] Channel Connectivity change to CONNECTING","system":"grpc","grpc_log":true}
{"level":"info","ts":"2022-04-28T22:47:49.774+0800","caller":"grpclog/logger.go:53","msg":"[core][Channel #2 SubChannel #3] Subchannel Connectivity change to READY","system":"grpc","grpc_log":true}
{"level":"info","ts":"2022-04-28T22:47:49.774+0800","caller":"grpclog/logger.go:53","msg":"[core]pickfirstBalancer: UpdateSubConnState: 0xc0000888f0, {READY <nil>}","system":"grpc","grpc_log":true}
{"level":"info","ts":"2022-04-28T22:47:49.774+0800","caller":"grpclog/logger.go:53","msg":"[core][Channel #2] Channel Connectivity change to READY","system":"grpc","grpc_log":true}
{"level":"info","ts":"2022-04-28T22:49:01.496+0800","caller":"grpclog/logger.go:53","msg":"[core][Server #1] Server created","system":"grpc","grpc_log":true}
{"level":"info","ts":"2022-04-28T22:49:01.509+0800","caller":"grpclog/logger.go:53","msg":"[core][Channel #2] Channel created","system":"grpc","grpc_log":true}
{"level":"info","ts":"2022-04-28T22:49:01.509+0800","caller":"grpclog/logger.go:53","msg":"[core][Channel #2] original dial target is: \":8000\"","system":"grpc","grpc_log":true}
{"level":"info","ts":"2022-04-28T22:49:01.509+0800","caller":"grpclog/logger.go:53","msg":"[core][Channel #2] dial target \":8000\" parse failed: parse \":8000\": missing protocol scheme","system":"grpc","grpc_log":true}
{"level":"info","ts":"2022-04-28T22:49:01.509+0800","caller":"grpclog/logger.go:53","msg":"[core][Channel #2] fallback to scheme \"passthrough\"","system":"grpc","grpc_log":true}
{"level":"info","ts":"2022-04-28T22:49:01.509+0800","caller":"grpclog/logger.go:53","msg":"[core][Channel #2] parsed dial target is: {Scheme:passthrough Authority: Endpoint::8000 URL:{Scheme:passthrough Opaque: User: Host: Path:/:8000 RawPath: ForceQuery:false RawQuery: Fragment: RawFragment:}}","system":"grpc","grpc_log":true}
{"level":"info","ts":"2022-04-28T22:49:01.509+0800","caller":"grpclog/logger.go:53","msg":"[core][Channel #2] Channel authority set to \"localhost:8000\"","system":"grpc","grpc_log":true}
{"level":"info","ts":"2022-04-28T22:49:01.509+0800","caller":"grpclog/logger.go:53","msg":"[core][Channel #2] Resolver state updated: {\n  \"Addresses\": [\n    {\n      \"Addr\": \":8000\",\n      \"ServerName\": \"\",\n      \"Attributes\": null,\n      \"BalancerAttributes\": null,\n      \"Type\": 0,\n      \"Metadata\": null\n    }\n  ],\n  \"ServiceConfig\": null,\n  \"Attributes\": null\n} (resolver returned new addresses)","system":"grpc","grpc_log":true}
{"level":"info","ts":"2022-04-28T22:49:01.509+0800","caller":"grpclog/logger.go:53","msg":"[core][Channel #2] Channel switches to new LB policy \"pick_first\"","system":"grpc","grpc_log":true}
{"level":"info","ts":"2022-04-28T22:49:01.509+0800","caller":"grpclog/logger.go:53","msg":"[core][Channel #2 SubChannel #3] Subchannel created","system":"grpc","grpc_log":true}
{"level":"info","ts":"2022-04-28T22:49:01.510+0800","caller":"grpclog/logger.go:53","msg":"[core][Channel #2 SubChannel #3] Subchannel Connectivity change to CONNECTING","system":"grpc","grpc_log":true}
{"level":"info","ts":"2022-04-28T22:49:01.510+0800","caller":"grpclog/logger.go:53","msg":"[core][Channel #2 SubChannel #3] Subchannel picks a new address \":8000\" to connect","system":"grpc","grpc_log":true}
{"level":"info","ts":"2022-04-28T22:49:01.510+0800","caller":"grpclog/logger.go:53","msg":"[core]pickfirstBalancer: UpdateSubConnState: 0xc0001e4a90, {CONNECTING <nil>}","system":"grpc","grpc_log":true}
{"level":"info","ts":"2022-04-28T22:49:01.510+0800","caller":"grpclog/logger.go:53","msg":"[core][Channel #2] Channel Connectivity change to CONNECTING","system":"grpc","grpc_log":true}
{"level":"info","ts":"2022-04-28T22:49:01.511+0800","caller":"grpclog/logger.go:53","msg":"[core][Channel #2 SubChannel #3] Subchannel Connectivity change to TRANSIENT_FAILURE","system":"grpc","grpc_log":true}
{"level":"info","ts":"2022-04-28T22:49:01.511+0800","caller":"grpclog/logger.go:53","msg":"[transport]transport: loopyWriter.run returning. connection error: desc = \"transport is closing\"","system":"grpc","grpc_log":true}
{"level":"info","ts":"2022-04-28T22:49:01.511+0800","caller":"grpclog/logger.go:53","msg":"[core]pickfirstBalancer: UpdateSubConnState: 0xc0001e4a90, {TRANSIENT_FAILURE connection closed before server preface received}","system":"grpc","grpc_log":true}
{"level":"info","ts":"2022-04-28T22:49:01.511+0800","caller":"grpclog/logger.go:53","msg":"[core][Channel #2] Channel Connectivity change to TRANSIENT_FAILURE","system":"grpc","grpc_log":true}
{"level":"info","ts":"2022-04-28T22:49:02.522+0800","caller":"grpclog/logger.go:53","msg":"[core][Channel #2 SubChannel #3] Subchannel Connectivity change to IDLE","system":"grpc","grpc_log":true}
{"level":"info","ts":"2022-04-28T22:49:02.522+0800","caller":"grpclog/logger.go:53","msg":"[core]pickfirstBalancer: UpdateSubConnState: 0xc0001e4a90, {IDLE connection closed before server preface received}","system":"grpc","grpc_log":true}
{"level":"info","ts":"2022-04-28T22:49:02.522+0800","caller":"grpclog/logger.go:53","msg":"[core][Channel #2] Channel Connectivity change to IDLE","system":"grpc","grpc_log":true}
{"level":"info","ts":"2022-04-28T22:50:00.472+0800","caller":"grpclog/logger.go:53","msg":"[core][Server #1] Server created","system":"grpc","grpc_log":true}
{"level":"info","ts":"2022-04-28T22:50:00.592+0800","caller":"grpclog/logger.go:53","msg":"[core][Channel #2] Channel created","system":"grpc","grpc_log":true}
{"level":"info","ts":"2022-04-28T22:50:00.592+0800","caller":"grpclog/logger.go:53","msg":"[core][Channel #2] original dial target is: \":8000\"","system":"grpc","grpc_log":true}
{"level":"info","ts":"2022-04-28T22:50:00.592+0800","caller":"grpclog/logger.go:53","msg":"[core][Channel #2] dial target \":8000\" parse failed: parse \":8000\": missing protocol scheme","system":"grpc","grpc_log":true}
{"level":"info","ts":"2022-04-28T22:50:00.592+0800","caller":"grpclog/logger.go:53","msg":"[core][Channel #2] fallback to scheme \"passthrough\"","system":"grpc","grpc_log":true}
{"level":"info","ts":"2022-04-28T22:50:00.592+0800","caller":"grpclog/logger.go:53","msg":"[core][Channel #2] parsed dial target is: {Scheme:passthrough Authority: Endpoint::8000 URL:{Scheme:passthrough Opaque: User: Host: Path:/:8000 RawPath: ForceQuery:false RawQuery: Fragment: RawFragment:}}","system":"grpc","grpc_log":true}
{"level":"info","ts":"2022-04-28T22:50:00.592+0800","caller":"grpclog/logger.go:53","msg":"[core][Channel #2] Channel authority set to \"localhost:8000\"","system":"grpc","grpc_log":true}
{"level":"info","ts":"2022-04-28T22:50:00.592+0800","caller":"grpclog/logger.go:53","msg":"[core][Channel #2] Resolver state updated: {\n  \"Addresses\": [\n    {\n      \"Addr\": \":8000\",\n      \"ServerName\": \"\",\n      \"Attributes\": null,\n      \"BalancerAttributes\": null,\n      \"Type\": 0,\n      \"Metadata\": null\n    }\n  ],\n  \"ServiceConfig\": null,\n  \"Attributes\": null\n} (resolver returned new addresses)","system":"grpc","grpc_log":true}
{"level":"info","ts":"2022-04-28T22:50:00.592+0800","caller":"grpclog/logger.go:53","msg":"[core][Channel #2] Channel switches to new LB policy \"pick_first\"","system":"grpc","grpc_log":true}
{"level":"info","ts":"2022-04-28T22:50:00.592+0800","caller":"grpclog/logger.go:53","msg":"[core][Channel #2 SubChannel #3] Subchannel created","system":"grpc","grpc_log":true}
{"level":"info","ts":"2022-04-28T22:50:00.592+0800","caller":"grpclog/logger.go:53","msg":"[core][Channel #2 SubChannel #3] Subchannel Connectivity change to CONNECTING","system":"grpc","grpc_log":true}
{"level":"info","ts":"2022-04-28T22:50:00.592+0800","caller":"grpclog/logger.go:53","msg":"[core][Channel #2 SubChannel #3] Subchannel picks a new address \":8000\" to connect","system":"grpc","grpc_log":true}
{"level":"info","ts":"2022-04-28T22:50:00.593+0800","caller":"grpclog/logger.go:53","msg":"[core]pickfirstBalancer: UpdateSubConnState: 0xc00019ac70, {CONNECTING <nil>}","system":"grpc","grpc_log":true}
{"level":"info","ts":"2022-04-28T22:50:00.593+0800","caller":"grpclog/logger.go:53","msg":"[core][Channel #2] Channel Connectivity change to CONNECTING","system":"grpc","grpc_log":true}
{"level":"info","ts":"2022-04-28T22:50:00.595+0800","caller":"grpclog/logger.go:65","msg":"[core][Channel #2 SubChannel #3] grpc: addrConn.createTransport failed to connect to {\n  \"Addr\": \":8000\",\n  \"ServerName\": \"localhost:8000\",\n  \"Attributes\": null,\n  \"BalancerAttributes\": null,\n  \"Type\": 0,\n  \"Metadata\": null\n}. Err: connection error: desc = \"transport: authentication handshake failed: EOF\"","system":"grpc","grpc_log":true}
{"level":"info","ts":"2022-04-28T22:50:00.595+0800","caller":"grpclog/logger.go:53","msg":"[core][Channel #2 SubChannel #3] Subchannel Connectivity change to TRANSIENT_FAILURE","system":"grpc","grpc_log":true}
{"level":"info","ts":"2022-04-28T22:50:00.595+0800","caller":"grpclog/logger.go:53","msg":"[core]pickfirstBalancer: UpdateSubConnState: 0xc00019ac70, {TRANSIENT_FAILURE connection error: desc = \"transport: authentication handshake failed: EOF\"}","system":"grpc","grpc_log":true}
{"level":"info","ts":"2022-04-28T22:50:00.595+0800","caller":"grpclog/logger.go:53","msg":"[core][Channel #2] Channel Connectivity change to TRANSIENT_FAILURE","system":"grpc","grpc_log":true}
{"level":"info","ts":"2022-04-28T22:50:01.609+0800","caller":"grpclog/logger.go:53","msg":"[core][Channel #2 SubChannel #3] Subchannel Connectivity change to IDLE","system":"grpc","grpc_log":true}
{"level":"info","ts":"2022-04-28T22:50:01.609+0800","caller":"grpclog/logger.go:53","msg":"[core]pickfirstBalancer: UpdateSubConnState: 0xc00019ac70, {IDLE connection error: desc = \"transport: authentication handshake failed: EOF\"}","system":"grpc","grpc_log":true}
{"level":"info","ts":"2022-04-28T22:50:01.609+0800","caller":"grpclog/logger.go:53","msg":"[core][Channel #2] Channel Connectivity change to IDLE","system":"grpc","grpc_log":true}
{"level":"info","ts":"2022-04-28T22:50:06.219+0800","caller":"grpclog/logger.go:53","msg":"[core][Server #1] Server created","system":"grpc","grpc_log":true}
{"level":"info","ts":"2022-04-28T22:50:06.231+0800","caller":"grpclog/logger.go:53","msg":"[core][Channel #2] Channel created","system":"grpc","grpc_log":true}
{"level":"info","ts":"2022-04-28T22:50:06.231+0800","caller":"grpclog/logger.go:53","msg":"[core][Channel #2] original dial target is: \":8000\"","system":"grpc","grpc_log":true}
{"level":"info","ts":"2022-04-28T22:50:06.231+0800","caller":"grpclog/logger.go:53","msg":"[core][Channel #2] dial target \":8000\" parse failed: parse \":8000\": missing protocol scheme","system":"grpc","grpc_log":true}
{"level":"info","ts":"2022-04-28T22:50:06.231+0800","caller":"grpclog/logger.go:53","msg":"[core][Channel #2] fallback to scheme \"passthrough\"","system":"grpc","grpc_log":true}
{"level":"info","ts":"2022-04-28T22:50:06.231+0800","caller":"grpclog/logger.go:53","msg":"[core][Channel #2] parsed dial target is: {Scheme:passthrough Authority: Endpoint::8000 URL:{Scheme:passthrough Opaque: User: Host: Path:/:8000 RawPath: ForceQuery:false RawQuery: Fragment: RawFragment:}}","system":"grpc","grpc_log":true}
{"level":"info","ts":"2022-04-28T22:50:06.231+0800","caller":"grpclog/logger.go:53","msg":"[core][Channel #2] Channel authority set to \"localhost:8000\"","system":"grpc","grpc_log":true}
{"level":"info","ts":"2022-04-28T22:50:06.231+0800","caller":"grpclog/logger.go:53","msg":"[core][Channel #2] Resolver state updated: {\n  \"Addresses\": [\n    {\n      \"Addr\": \":8000\",\n      \"ServerName\": \"\",\n      \"Attributes\": null,\n      \"BalancerAttributes\": null,\n      \"Type\": 0,\n      \"Metadata\": null\n    }\n  ],\n  \"ServiceConfig\": null,\n  \"Attributes\": null\n} (resolver returned new addresses)","system":"grpc","grpc_log":true}
{"level":"info","ts":"2022-04-28T22:50:06.231+0800","caller":"grpclog/logger.go:53","msg":"[core][Channel #2] Channel switches to new LB policy \"pick_first\"","system":"grpc","grpc_log":true}
{"level":"info","ts":"2022-04-28T22:50:06.231+0800","caller":"grpclog/logger.go:53","msg":"[core][Channel #2 SubChannel #3] Subchannel created","system":"grpc","grpc_log":true}
{"level":"info","ts":"2022-04-28T22:50:06.231+0800","caller":"grpclog/logger.go:53","msg":"[core][Channel #2 SubChannel #3] Subchannel Connectivity change to CONNECTING","system":"grpc","grpc_log":true}
{"level":"info","ts":"2022-04-28T22:50:06.231+0800","caller":"grpclog/logger.go:53","msg":"[core][Channel #2 SubChannel #3] Subchannel picks a new address \":8000\" to connect","system":"grpc","grpc_log":true}
{"level":"info","ts":"2022-04-28T22:50:06.231+0800","caller":"grpclog/logger.go:53","msg":"[core]pickfirstBalancer: UpdateSubConnState: 0xc0001e4c80, {CONNECTING <nil>}","system":"grpc","grpc_log":true}
{"level":"info","ts":"2022-04-28T22:50:06.232+0800","caller":"grpclog/logger.go:53","msg":"[core][Channel #2] Channel Connectivity change to CONNECTING","system":"grpc","grpc_log":true}
{"level":"info","ts":"2022-04-28T22:50:06.234+0800","caller":"grpclog/logger.go:65","msg":"[core][Channel #2 SubChannel #3] grpc: addrConn.createTransport failed to connect to {\n  \"Addr\": \":8000\",\n  \"ServerName\": \"localhost:8000\",\n  \"Attributes\": null,\n  \"BalancerAttributes\": null,\n  \"Type\": 0,\n  \"Metadata\": null\n}. Err: connection error: desc = \"transport: authentication handshake failed: EOF\"","system":"grpc","grpc_log":true}
{"level":"info","ts":"2022-04-28T22:50:06.234+0800","caller":"grpclog/logger.go:53","msg":"[core][Channel #2 SubChannel #3] Subchannel Connectivity change to TRANSIENT_FAILURE","system":"grpc","grpc_log":true}
{"level":"info","ts":"2022-04-28T22:50:06.234+0800","caller":"grpclog/logger.go:53","msg":"[core]pickfirstBalancer: UpdateSubConnState: 0xc0001e4c80, {TRANSIENT_FAILURE connection error: desc = \"transport: authentication handshake failed: EOF\"}","system":"grpc","grpc_log":true}
{"level":"info","ts":"2022-04-28T22:50:06.234+0800","caller":"grpclog/logger.go:53","msg":"[core][Channel #2] Channel Connectivity change to TRANSIENT_FAILURE","system":"grpc","grpc_log":true}
{"level":"info","ts":"2022-04-28T22:50:07.237+0800","caller":"grpclog/logger.go:53","msg":"[core][Channel #2 SubChannel #3] Subchannel Connectivity change to IDLE","system":"grpc","grpc_log":true}
{"level":"info","ts":"2022-04-28T22:50:07.238+0800","caller":"grpclog/logger.go:53","msg":"[core]pickfirstBalancer: UpdateSubConnState: 0xc0001e4c80, {IDLE connection error: desc = \"transport: authentication handshake failed: EOF\"}","system":"grpc","grpc_log":true}
{"level":"info","ts":"2022-04-28T22:50:07.238+0800","caller":"grpclog/logger.go:53","msg":"[core][Channel #2] Channel Connectivity change to IDLE","system":"grpc","grpc_log":true}
